[0.634s] Invoking command in '/home/webmeister/ros2_ws/src/Visual_Based_Odometry/build/visual_odometry': PYTHONPATH=/home/webmeister/ros2_ws/src/Visual_Based_Odometry/install/visual_odometry/lib/python3.8/site-packages:${PYTHONPATH} /usr/bin/python3 setup.py develop --prefix /home/webmeister/ros2_ws/src/Visual_Based_Odometry/install/visual_odometry --editable --build-directory /home/webmeister/ros2_ws/src/Visual_Based_Odometry/build/visual_odometry/build --no-deps install_data --install-dir /home/webmeister/ros2_ws/src/Visual_Based_Odometry/install/visual_odometry
[0.866s] running develop
[0.999s] running egg_info
[0.999s] creating visual_odometry.egg-info
[1.000s] writing visual_odometry.egg-info/PKG-INFO
[1.000s] writing dependency_links to visual_odometry.egg-info/dependency_links.txt
[1.000s] writing entry points to visual_odometry.egg-info/entry_points.txt
[1.000s] writing requirements to visual_odometry.egg-info/requires.txt
[1.000s] writing top-level names to visual_odometry.egg-info/top_level.txt
[1.001s] writing manifest file 'visual_odometry.egg-info/SOURCES.txt'
[1.029s] reading manifest file 'visual_odometry.egg-info/SOURCES.txt'
[1.030s] writing manifest file 'visual_odometry.egg-info/SOURCES.txt'
[1.063s] running build_ext
[1.063s] Creating /home/webmeister/ros2_ws/src/Visual_Based_Odometry/install/visual_odometry/lib/python3.8/site-packages/site.py
[1.065s] Creating /home/webmeister/ros2_ws/src/Visual_Based_Odometry/install/visual_odometry/lib/python3.8/site-packages/visual-odometry.egg-link (link to .)
[1.066s] Installing apriltag_visualization script to /home/webmeister/ros2_ws/src/Visual_Based_Odometry/install/visual_odometry/lib/visual_odometry
[1.066s] 
[1.066s] Installed /home/webmeister/ros2_ws/src/Visual_Based_Odometry/build/visual_odometry
[1.066s] running install_data
[1.067s] creating /home/webmeister/ros2_ws/src/Visual_Based_Odometry/install/visual_odometry/share/ament_index
[1.067s] creating /home/webmeister/ros2_ws/src/Visual_Based_Odometry/install/visual_odometry/share/ament_index/resource_index
[1.067s] creating /home/webmeister/ros2_ws/src/Visual_Based_Odometry/install/visual_odometry/share/ament_index/resource_index/packages
[1.067s] copying resource/visual_odometry -> /home/webmeister/ros2_ws/src/Visual_Based_Odometry/install/visual_odometry/share/ament_index/resource_index/packages
[1.067s] copying package.xml -> /home/webmeister/ros2_ws/src/Visual_Based_Odometry/install/visual_odometry/share/visual_odometry
[1.067s] copying launch/bringup.py -> /home/webmeister/ros2_ws/src/Visual_Based_Odometry/install/visual_odometry/share/visual_odometry
[1.067s] copying Calibration Data/ost.yaml -> /home/webmeister/ros2_ws/src/Visual_Based_Odometry/install/visual_odometry/share/visual_odometry
[1.088s] Invoked command in '/home/webmeister/ros2_ws/src/Visual_Based_Odometry/build/visual_odometry' returned '0': PYTHONPATH=/home/webmeister/ros2_ws/src/Visual_Based_Odometry/install/visual_odometry/lib/python3.8/site-packages:${PYTHONPATH} /usr/bin/python3 setup.py develop --prefix /home/webmeister/ros2_ws/src/Visual_Based_Odometry/install/visual_odometry --editable --build-directory /home/webmeister/ros2_ws/src/Visual_Based_Odometry/build/visual_odometry/build --no-deps install_data --install-dir /home/webmeister/ros2_ws/src/Visual_Based_Odometry/install/visual_odometry
